::1 - GET /back/page HTTP/1.1 304 - - 2.435 ms
::1 - GET /back/page HTTP/1.1 304 - - 2.392 ms
::1 - GET /robots.txt HTTP/1.1 404 149 - 1.060 ms
::1 - GET /back/page HTTP/1.1 304 - - 0.457 ms
::1 - GET /back/page HTTP/1.1 304 - - 0.163 ms
::1 - GET /back/page HTTP/1.1 304 - - 0.148 ms
::ffff:127.0.0.1 - GET /back/page HTTP/1.1 304 - - 2.748 ms
::1 - GET /back/page HTTP/1.1 304 - - 0.514 ms
::1 - GET /back/page HTTP/1.1 304 - - 89036.190 ms
::1 - GET /back/page HTTP/1.1 304 - - 0.277 ms
::1 - GET /back/page HTTP/1.1 200 4 - 0.345 ms
::1 - GET /robots.txt HTTP/1.1 404 149 - 1.236 ms
::1 - GET /back/page HTTP/1.1 304 - - 0.283 ms
::1 - GET /back/page HTTP/1.1 304 - - 0.227 ms
::1 - GET /back/page HTTP/1.1 304 - - 0.332 ms
::1 - GET /robots.txt HTTP/1.1 404 149 - 0.524 ms
::1 - GET /robots.txt HTTP/1.1 404 149 - 1.795 ms
::1 - GET /back/page HTTP/1.1 200 - - 25223.891 ms
::1 - GET /back/page HTTP/1.1 200 55 - 11.981 ms
::1 - GET /robots.txt HTTP/1.1 404 149 - 1.752 ms
::1 - GET /back/page HTTP/1.1 304 - - 36215.407 ms
::1 - POST /dcback/add HTTP/1.1 404 150 - 0.575 ms
::1 - POST /dcback/add HTTP/1.1 200 33 - 18.772 ms
::1 - POST /dcback/add HTTP/1.1 200 33 - 17.617 ms
::1 - POST /dcback/add HTTP/1.1 200 33 - 238660.515 ms
::1 - POST /dcback/add HTTP/1.1 200 33 - 9548.340 ms
::1 - POST /dcback/add HTTP/1.1 200 33 - 18.521 ms
::1 - POST /dcback/add HTTP/1.1 200 33 - 0.935 ms
::1 - POST /dcback/add HTTP/1.1 413 1212 - 2.739 ms
::1 - POST /dcback/add HTTP/1.1 413 1212 - 1.379 ms
::1 - POST /dcback/add HTTP/1.1 413 1212 - 5.995 ms
::1 - POST /dcback/add HTTP/1.1 413 1212 - 1.140 ms
::1 - POST /dcback/add HTTP/1.1 200 33 - 18.343 ms
::1 - POST /dcback/add HTTP/1.1 413 1212 - 1.570 ms
::1 - POST /dcback/add HTTP/1.1 413 1212 - 6.216 ms
::1 - POST /dcback/add HTTP/1.1 413 1212 - 1.079 ms
::1 - POST /dcback/add HTTP/1.1 413 1212 - 1.042 ms
::1 - POST /dcback/add HTTP/1.1 413 1212 - 1.083 ms
::1 - POST /dcback/add HTTP/1.1 413 1212 - 0.908 ms
::1 - GET / HTTP/1.1 404 139 - 4.200 ms
::1 - GET /robots.txt HTTP/1.1 404 149 - 0.759 ms
::1 - GET /dcback/page HTTP/1.1 500 1350 - 4.268 ms
::1 - GET /dcback/page HTTP/1.1 500 1350 - 9.468 ms
::1 - GET /dcback/page HTTP/1.1 200 2 - 3857.930 ms
::1 - GET /favicon.ico HTTP/1.1 404 150 - 1.339 ms
::1 - GET /dcback/page HTTP/1.1 304 - - 40478.492 ms
::1 - GET /dcback/page HTTP/1.1 200 2 - 15.027 ms
::1 - GET /robots.txt HTTP/1.1 404 149 - 2.446 ms
::1 - GET /dcback/page HTTP/1.1 200 2 - 96.786 ms
::1 - GET /dcback/page HTTP/1.1 304 - - 5.517 ms
::1 - GET /dcback/page HTTP/1.1 304 - - 4.259 ms
::1 - GET /dcback/page HTTP/1.1 304 - - 4.308 ms
::1 - GET /dcback/page HTTP/1.1 304 - - 3.534 ms
::1 - GET /dcback/page HTTP/1.1 304 - - 3.519 ms
::1 - GET /dcback/page HTTP/1.1 304 - - 4.346 ms
::1 - GET /dcback/page HTTP/1.1 304 - - 4.259 ms
::1 - GET /dcback/page HTTP/1.1 304 - - 4.335 ms
::1 - OPTIONS /dcback/productController/page?limit=10&offset=1 HTTP/1.1 404 172 - 3.603 ms
::1 - OPTIONS /dcback/productController/page?limit=10&offset=1 HTTP/1.1 404 172 - 0.529 ms
::1 - OPTIONS /dcback/productController/page?limit=10&offset=1 HTTP/1.1 404 172 - 3.529 ms
::1 - OPTIONS /dcback/productController/page?limit=10&offset=1 HTTP/1.1 404 172 - 0.834 ms
::1 - OPTIONS /dcback/productController/page?limit=10&offset=1 HTTP/1.1 404 172 - 0.498 ms
::1 - OPTIONS /dcback/productController/page?limit=10&offset=1 HTTP/1.1 404 172 - 3.903 ms
::1 - OPTIONS /dcback/productController/page?limit=10&offset=1 HTTP/1.1 200 8 - 3.662 ms
::1 - OPTIONS /dcback/productController/page?limit=10&offset=1 HTTP/1.1 200 8 - 0.442 ms
::1 - OPTIONS /dcback/productController/page?limit=10&offset=1 HTTP/1.1 200 8 - 0.364 ms
::1 - OPTIONS /dcback/productController/page?limit=10&offset=1 HTTP/1.1 200 8 - 3.490 ms
::1 - OPTIONS /dcback/productController/page?limit=10&offset=1 HTTP/1.1 200 8 - 0.590 ms
::1 - OPTIONS /dcback/productController/page?limit=10&offset=1 HTTP/1.1 200 8 - 0.282 ms
::ffff:192.168.98.177 zhbsh GET /back/menu/system HTTP/1.1 404 155 - 2.394 ms
::ffff:192.168.98.177 zhbsh GET /back/user HTTP/1.1 404 148 - 0.528 ms
::ffff:192.168.98.177 zhbsh GET /back/menu/system HTTP/1.1 404 155 - 0.324 ms
::ffff:192.168.98.177 zhbsh GET /dcback/productController/page?limit=10&offset=1 HTTP/1.1 200 2 - 128.496 ms
::ffff:192.168.98.177 zhbsh GET /dcback/categoryController/page?limit=10&offset=1 HTTP/1.1 404 169 - 0.968 ms
::ffff:192.168.98.177 zhbsh GET /dcback/productController/page?limit=10&offset=1 HTTP/1.1 304 - - 4.442 ms
::ffff:192.168.98.177 zhbsh GET /back/menu/system HTTP/1.1 404 155 - 0.877 ms
::ffff:192.168.98.177 zhbsh GET /back/user HTTP/1.1 404 148 - 1.240 ms
::ffff:192.168.98.177 zhbsh GET /back/menu/system HTTP/1.1 404 155 - 0.575 ms
::ffff:192.168.98.177 zhbsh GET /dcback/productController/page?limit=10&offset=1 HTTP/1.1 304 - - 6.005 ms
::ffff:192.168.98.177 zhbsh GET /dcback/categoryController/pullDownCatg HTTP/1.1 404 177 - 0.685 ms
::1 - POST /dcback/productController/page HTTP/1.1 404 169 - 13.725 ms
::1 - GET /dcback/productController/page HTTP/1.1 200 2 - 4.072 ms
::1 - POST /dcback/productController/add HTTP/1.1 - - - - ms
::1 - POST /dcback/productController/add HTTP/1.1 200 33 - 96.521 ms
::1 - POST /dcback/productController/add HTTP/1.1 200 33 - 6.677 ms
::1 - POST /dcback/productController/add HTTP/1.1 200 33 - 5.629 ms
::1 - POST /dcback/productController/page HTTP/1.1 404 169 - 1.417 ms
::1 - GET /dcback/productController/page HTTP/1.1 200 1255 - 6.754 ms
::1 - DELETE /dcback/productController/delete/12 HTTP/1.1 404 176 - 3.545 ms
::1 - DELETE /dcback/productController/delete/12 HTTP/1.1 404 176 - 0.548 ms
::1 - DELETE /dcback/productController/delete/12 HTTP/1.1 500 1363 - 73148.223 ms
::1 - DELETE /dcback/productController/delete/12 HTTP/1.1 500 1363 - 3.757 ms
::1 - GET /dcback/productController/page HTTP/1.1 200 1255 - 108.599 ms
::1 - DELETE /dcback/productController/delete/1 HTTP/1.1 200 33 - 6.693 ms
::1 - GET /dcback/productController/page HTTP/1.1 200 1046 - 4.426 ms
::1 - DELETE /dcback/productController/delete/3 HTTP/1.1 200 33 - 4.982 ms
::1 - GET /dcback/productController/page HTTP/1.1 200 837 - 3.917 ms
::1 - PUT /dcback/productController/update HTTP/1.1 404 170 - 3.864 ms
::1 - PUT /dcback/productController/update/2 HTTP/1.1 404 172 - 1.113 ms
::1 - PUT /dcback/productController/update/2 HTTP/1.1 404 172 - 3.766 ms
::1 - PUT /dcback/productController/update/2 HTTP/1.1 404 172 - 3.897 ms
::1 - PUT /dcback/productController/update HTTP/1.1 404 170 - 1.007 ms
::1 - PUT /dcback/productController/update HTTP/1.1 404 170 - 4.029 ms
::1 - DELETE /dcback/productController/delete/3 HTTP/1.1 200 13 - 89.768 ms
::1 - POST /dcback/productController/add HTTP/1.1 200 33 - 19.658 ms
::1 - PUT /dcback/productController/update HTTP/1.1 404 170 - 1.268 ms
::1 - PUT /productController/upate HTTP/1.1 404 162 - 0.462 ms
::1 - PUT /productController/upate/1 HTTP/1.1 404 164 - 0.364 ms
::1 - PUT /productController/upate/1 HTTP/1.1 404 164 - 0.376 ms
::1 - PUT /productController/upate/1 HTTP/1.1 404 164 - 3.327 ms
::1 - PUT /productController/upate/1 HTTP/1.1 404 164 - 3.382 ms
::1 - PUT /productController/upate HTTP/1.1 404 162 - 0.508 ms
::1 - PUT /productController/upate HTTP/1.1 404 162 - 3.336 ms
::1 - PUT /productController/upate HTTP/1.1 404 162 - 0.544 ms
::1 - PUT /productController/upate/12 HTTP/1.1 404 165 - 4.287 ms
::1 - PUT /productController/upate/12 HTTP/1.1 404 165 - 3.286 ms
::1 - PUT /productController/upate/12 HTTP/1.1 404 165 - 0.544 ms
::1 - GET / HTTP/1.1 404 139 - 3.015 ms
::1 - GET /robots.txt HTTP/1.1 404 149 - 0.518 ms
::1 - GET /static HTTP/1.1 404 145 - 0.582 ms
::1 - GET /static/index.html HTTP/1.1 404 156 - 0.412 ms
::1 - GET /static/index.html HTTP/1.1 200 5660 - 5.013 ms
::1 - GET /static/static/css/main.a548d7a8.css HTTP/1.1 200 55758 - 2.108 ms
::1 - GET /static/static/js/main.d44a8.js HTTP/1.1 200 682421 - 3.412 ms
::1 - GET /static/static/js/charts.4e437.js HTTP/1.1 200 678180 - 3.044 ms
::1 - GET /static/static/js/vendor.40b6e.js HTTP/1.1 200 1218918 - 3.145 ms
::1 - GET /back/menu/system HTTP/1.1 404 155 - 1.389 ms
::1 - GET /back/user HTTP/1.1 404 148 - 0.312 ms
::1 - GET /back/menu/system HTTP/1.1 404 155 - 0.228 ms
::1 - GET /static/service-worker.js HTTP/1.1 200 5808 - 0.648 ms
::1 - GET /static/service-worker.js HTTP/1.1 200 5808 - 0.611 ms
::1 - GET /static/index.html?_sw-precache=700c8cd254e348c41acc082de861a5b7 HTTP/1.1 200 5660 - 0.476 ms
::1 - GET /static/static/css/main.a548d7a8.css HTTP/1.1 304 - - 0.920 ms
::1 - GET /static/static/js/accessmessage.ef4fe.chunk.js?_sw-precache=2d9974b72c6d157fefcff578f9411b32 HTTP/1.1 200 13499 - 1.819 ms
::1 - GET /static/static/js/benefit.f1d9a.chunk.js?_sw-precache=fb75a95b296ed992bb59f32c33c3521a HTTP/1.1 200 11370 - 0.441 ms
::1 - GET /static/static/js/card.3d0d8.chunk.js?_sw-precache=20f4f77bbf95e4b4e86e8ffb4cb84560 HTTP/1.1 200 35054 - 1.327 ms
::1 - GET /static/static/js/billDetail.a06bb.chunk.js?_sw-precache=d9acda20f9f3ffa56dc8cd4ed4fbc4a9 HTTP/1.1 200 11029 - 1.382 ms
::1 - GET /static/static/js/category.cc5d2.chunk.js?_sw-precache=9ca7ada43ebb1a807aa2589f9985650e HTTP/1.1 200 21758 - 1.597 ms
::1 - GET /static/static/js/chart.90c43.chunk.js?_sw-precache=986101bb3f951564229a721b1f2061a1 HTTP/1.1 200 26961 - 1.705 ms
::1 - GET /static/static/js/categoryinfo.720bd.chunk.js?_sw-precache=bbd304e45fcf96eab545eb2556333a60 HTTP/1.1 200 15025 - 1.990 ms
::1 - GET /static/static/js/config.fe2ad.chunk.js?_sw-precache=9aec4713b1a4ced5461fb42f1e9e8269 HTTP/1.1 200 17114 - 2.439 ms
::1 - GET /static/static/js/list.4c004.chunk.js?_sw-precache=fd7cb41f271f2d95e3e168579081f31f HTTP/1.1 200 1709 - 2.599 ms
::1 - GET /static/static/js/members.392ad.chunk.js?_sw-precache=4db59c147225d4dea520216b255a55a3 HTTP/1.1 200 13565 - 2.237 ms
::1 - GET /static/static/js/menu.06838.chunk.js?_sw-precache=05682e5061b8355cf305c17fe1ac1bb1 HTTP/1.1 200 23645 - 2.724 ms
::1 - GET /static/static/js/charts.4e437.js?_sw-precache=3c7884983dec2769b9d326a52f762196 HTTP/1.1 200 678180 - 1.955 ms
::1 - GET /static/static/js/order.86f65.chunk.js?_sw-precache=e1a911dbdba6e8ec161f33e174546f4e HTTP/1.1 200 21796 - 3.589 ms
::1 - GET /static/static/js/program.8c034.chunk.js?_sw-precache=e137da3bcc4f7a8d0c3611a8fffde4b8 HTTP/1.1 200 24829 - 3.798 ms
::1 - GET /static/static/js/qr.57a7c.chunk.js?_sw-precache=7642ae6ec126ca700c5bf207ad470f06 HTTP/1.1 200 31714 - 4.357 ms
::1 - GET /static/static/js/merchant.ee9c2.chunk.js?_sw-precache=4a899f58ad162c08dc9a44ff42fc2696 HTTP/1.1 200 278383 - 3.540 ms
::1 - GET /static/static/js/main.d44a8.js?_sw-precache=d3619464a941d966aaa514d4c36170c9 HTTP/1.1 200 682421 - 2.845 ms
::1 - GET /static/static/js/refund.63217.chunk.js?_sw-precache=d0229ae2a32092c0195c0641c9c50c72 HTTP/1.1 200 16332 - 3.306 ms
::1 - GET /static/static/js/service.d1da2.chunk.js?_sw-precache=057ffbdadbc3cc6aebc734a0afc38153 HTTP/1.1 200 35654 - 1.972 ms
::1 - GET /static/static/js/slove.3a33f.chunk.js?_sw-precache=b7215a584124cce7aebb8318de500583 HTTP/1.1 200 35661 - 2.313 ms
::1 - GET /static/static/js/scatter.c392d.chunk.js?_sw-precache=27895c40587340950b8fc642b62aad26 HTTP/1.1 200 210521 - 2.792 ms
::1 - GET /static/static/js/terminal.833fb.chunk.js?_sw-precache=f631e537903eb9e397c6f5ee266a76a9 HTTP/1.1 200 18680 - 0.803 ms
::1 - GET /static/static/js/toggle.879b8.chunk.js?_sw-precache=074808bb017f8ba9f6de3bec5e076e40 HTTP/1.1 200 9889 - 1.798 ms
::1 - GET /static/static/js/tradeBalcons.be315.chunk.js?_sw-precache=c4bdc3151af3a2a60cfce005a8e8ac97 HTTP/1.1 200 15249 - 2.211 ms
::1 - GET /static/static/js/tradeBlotter.15dc9.chunk.js?_sw-precache=c6e3caf23347c122e19b5fd17b9b89ec HTTP/1.1 200 15771 - 2.135 ms
::1 - GET /static/static/js/upload.60465.chunk.js?_sw-precache=f7b4ba1af33558f2d50e974cb52858db HTTP/1.1 200 8915 - 1.234 ms
::1 - GET /static/static/js/user.13f69.chunk.js?_sw-precache=99fe1f8a00a5423d25225c98989f8d93 HTTP/1.1 200 16979 - 0.498 ms
::1 - GET /static/static/js/usergroup.59974.chunk.js?_sw-precache=e4fdd01f1a2980a7e8b9b83385e88f4c HTTP/1.1 200 28122 - 1.063 ms
::1 - GET /static/static/js/wxManager.4b830.chunk.js?_sw-precache=6dcdebb36cde351e5f78756be62100eb HTTP/1.1 200 12717 - 2.236 ms
::1 - GET /static/static/media/321.2b0a6cf2.jpg HTTP/1.1 200 43724 - 2.492 ms
::1 - GET /static/static/media/back.6824f5ff.png HTTP/1.1 200 52387 - 1.420 ms
::1 - GET /static/static/media/bgs.ab431ffe.png HTTP/1.1 200 14101 - 2.816 ms
::1 - GET /static/static/media/iconfont.9381541f.svg HTTP/1.1 200 12052 - 3.792 ms
::1 - GET /static/static/media/iconfont.aa2927ad.eot HTTP/1.1 200 3876 - 5.371 ms
::1 - GET /static/static/media/iconfont.dbfe0b27.ttf HTTP/1.1 200 3708 - 4.574 ms
::1 - GET /static/static/media/phonehead.4cc6e418.png HTTP/1.1 200 23748 - 1.753 ms
::1 - GET /static/static/js/vendor.40b6e.js?_sw-precache=5b03aec995052b1670804a9a60eaf995 HTTP/1.1 200 1218918 - 1.139 ms
::1 - GET /dcback/productController/page?limit=10&offset=1 HTTP/1.1 200 1046 - 79.593 ms
::1 - GET /robots.txt HTTP/1.1 404 149 - 0.584 ms
::1 - GET /back/menu/system HTTP/1.1 404 155 - 0.565 ms
::1 - GET /back/user HTTP/1.1 404 148 - 0.345 ms
::1 - GET /back/menu/system HTTP/1.1 404 155 - 0.370 ms
::1 - GET /dcback/productController/page?limit=10&offset=1 HTTP/1.1 304 - - 6.363 ms
::1 - GET /static/service-worker.js HTTP/1.1 304 - - 1.074 ms
::1 - GET /static/service-worker.js HTTP/1.1 304 - - 0.411 ms
::1 - GET /dcback/categoryController/page?limit=10&offset=1 HTTP/1.1 404 169 - 1.209 ms
::1 - GET /dcback/productController/page?limit=10&offset=1 HTTP/1.1 304 - - 4.252 ms
::1 - GET /back/menu/system HTTP/1.1 404 155 - 3.340 ms
::1 - GET /back/menu/system HTTP/1.1 404 155 - 0.387 ms
::1 - GET /back/user HTTP/1.1 404 148 - 0.525 ms
::1 - GET /static/service-worker.js HTTP/1.1 304 - - 8.330 ms
::1 - GET /dcback/productController/page?limit=10&offset=1 HTTP/1.1 200 1066 - 32784.052 ms
::1 - GET /static/service-worker.js HTTP/1.1 304 - - 0.815 ms
::1 - GET /back/menu/system HTTP/1.1 404 155 - 0.455 ms
::1 - GET /back/user HTTP/1.1 404 148 - 0.364 ms
::1 - GET /back/menu/system HTTP/1.1 404 155 - 0.313 ms
::1 - GET /dcback/productController/page?limit=10&offset=1 HTTP/1.1 304 - - 6.067 ms
::1 - GET /static/service-worker.js HTTP/1.1 304 - - 0.941 ms
::1 - GET /static/service-worker.js HTTP/1.1 304 - - 0.421 ms
::1 - GET /dcback/categoryController/pullDownCatg HTTP/1.1 404 177 - 0.898 ms
::1 - GET /back/menu/system HTTP/1.1 404 155 - 0.379 ms
::1 - GET /back/user HTTP/1.1 404 148 - 0.213 ms
::1 - GET /back/menu/system HTTP/1.1 404 155 - 0.226 ms
::1 - GET /dcback/productController/page?limit=10&offset=1 HTTP/1.1 200 1166 - 5.235 ms
::1 - GET /static/service-worker.js HTTP/1.1 304 - - 0.449 ms
::1 - GET /static/service-worker.js HTTP/1.1 304 - - 0.358 ms
::1 - GET /back/menu/system HTTP/1.1 404 155 - 0.501 ms
::1 - GET /back/user HTTP/1.1 404 148 - 0.376 ms
::1 - GET /back/menu/system HTTP/1.1 404 155 - 0.351 ms
::1 - GET /dcback/productController/page?limit=10&offset=1 HTTP/1.1 304 - - 7.678 ms
::1 - GET /static/service-worker.js HTTP/1.1 304 - - 0.701 ms
::1 - GET /static/service-worker.js HTTP/1.1 304 - - 0.390 ms
::1 - GET /back/menu/system HTTP/1.1 404 155 - 0.341 ms
::1 - GET /back/user HTTP/1.1 404 148 - 0.357 ms
::1 - GET /back/menu/system HTTP/1.1 404 155 - 0.224 ms
::1 - GET /dcback/productController/page?limit=10&offset=1 HTTP/1.1 200 479 - 4.576 ms
::1 - GET /static/service-worker.js HTTP/1.1 304 - - 0.420 ms
::1 - GET /static/service-worker.js HTTP/1.1 304 - - 0.348 ms
::1 - POST /dcback/productController/add HTTP/1.1 200 33 - 27.378 ms
::1 - POST /dcback/productController/add HTTP/1.1 200 33 - 6.609 ms
::1 - GET /back/menu/system HTTP/1.1 404 155 - 0.312 ms
::1 - GET /back/user HTTP/1.1 404 148 - 0.212 ms
::1 - GET /back/menu/system HTTP/1.1 404 155 - 0.233 ms
::1 - GET /dcback/productController/page?limit=10&offset=1 HTTP/1.1 200 937 - 4.471 ms
::1 - GET /static/service-worker.js HTTP/1.1 304 - - 0.486 ms
::1 - GET /static/service-worker.js HTTP/1.1 304 - - 0.319 ms
::1 - GET /back/menu/system HTTP/1.1 404 155 - 0.313 ms
::1 - GET /back/user HTTP/1.1 404 148 - 0.224 ms
::1 - GET /back/menu/system HTTP/1.1 404 155 - 0.315 ms
::1 - GET /dcback/productController/page?limit=10&offset=1 HTTP/1.1 304 - - 4.456 ms
::1 - GET /static/service-worker.js HTTP/1.1 304 - - 0.364 ms
::1 - GET /static/service-worker.js HTTP/1.1 304 - - 0.396 ms
::1 - GET /back/menu/system HTTP/1.1 404 155 - 0.451 ms
::1 - GET /back/user HTTP/1.1 404 148 - 0.363 ms
::1 - GET /back/menu/system HTTP/1.1 404 155 - 0.486 ms
::1 - GET /dcback/productController/page?limit=10&offset=1 HTTP/1.1 304 - - 27492.845 ms
::1 - GET /static/service-worker.js HTTP/1.1 304 - - 0.911 ms
::1 - GET /static/service-worker.js HTTP/1.1 200 5808 - 3.046 ms
::1 - POST /dcback/productController/add HTTP/1.1 200 33 - 11246.036 ms
::1 - POST /dcback/productController/add HTTP/1.1 200 33 - 35925.334 ms
::1 - POST /dcback/productController/add HTTP/1.1 200 33 - 19086.707 ms
::1 - POST /dcback/productController/add HTTP/1.1 200 33 - 44216.387 ms
::1 - POST /dcback/productController/add HTTP/1.1 200 33 - 111.098 ms
::1 - POST /dcback/productController/add HTTP/1.1 200 33 - 6.557 ms
::1 - POST /dcback/productController/add HTTP/1.1 200 33 - 5.662 ms
::1 - POST /dcback/productController/add HTTP/1.1 200 33 - 5.351 ms
::1 - POST /dcback/productController/add HTTP/1.1 200 33 - 5.707 ms
::1 - POST /dcback/productController/add HTTP/1.1 200 33 - 6.676 ms
::1 - POST /dcback/productController/add HTTP/1.1 200 33 - 5.590 ms
::1 - POST /dcback/productController/add HTTP/1.1 200 33 - 25329.585 ms
::1 - POST /dcback/productController/add HTTP/1.1 200 33 - 3199.648 ms
::1 - POST /dcback/productController/add HTTP/1.1 200 33 - 115.370 ms
::1 - POST /dcback/productController/add HTTP/1.1 200 33 - 103.818 ms
::1 - POST /dcback/productController/add HTTP/1.1 200 33 - 107.962 ms
::1 - POST /dcback/productController/add HTTP/1.1 200 33 - 101.378 ms
::1 - POST /dcback/productController/add HTTP/1.1 200 33 - 7.750 ms
::1 - POST /dcback/productController/add HTTP/1.1 200 33 - 8.708 ms
::1 - GET /back/menu/system HTTP/1.1 404 155 - 1.462 ms
::1 - GET /back/user HTTP/1.1 404 148 - 0.394 ms
::1 - GET /back/menu/system HTTP/1.1 404 155 - 0.299 ms
::1 - GET /dcback/productController/page?limit=10&offset=1 HTTP/1.1 200 726 - 7.281 ms
::1 - GET /static/service-worker.js HTTP/1.1 304 - - 3.204 ms
::1 - GET /static/service-worker.js HTTP/1.1 304 - - 0.510 ms
::1 - GET /dcback/categoryController/pullDownCatg HTTP/1.1 404 177 - 1.081 ms
::1 - GET /back/menu/system HTTP/1.1 404 155 - 4.630 ms
::1 - GET /back/menu/system HTTP/1.1 404 155 - 0.410 ms
::1 - GET /back/user HTTP/1.1 404 148 - 0.504 ms
::1 - GET /static/service-worker.js HTTP/1.1 304 - - 7.139 ms
::1 - GET /dcback/productController/page?limit=10&offset=1 HTTP/1.1 304 - - 107.129 ms
::1 - GET /static/service-worker.js HTTP/1.1 304 - - 0.551 ms
::1 - GET /back/menu/system HTTP/1.1 404 155 - 3.258 ms
::1 - GET /back/menu/system HTTP/1.1 404 155 - 0.365 ms
::1 - GET /back/user HTTP/1.1 404 148 - 0.283 ms
::1 - GET /static/service-worker.js HTTP/1.1 304 - - 4.603 ms
::1 - GET /dcback/productController/page?limit=10&offset=1 HTTP/1.1 304 - - 108.772 ms
::1 - GET /static/service-worker.js HTTP/1.1 304 - - 0.525 ms
::1 - GET /dcback/categoryController/pullDownCatg HTTP/1.1 200 54 - 4.700 ms
::1 - GET /back/menu/system HTTP/1.1 404 155 - 3.154 ms
::1 - GET /back/user HTTP/1.1 404 148 - 0.606 ms
::1 - GET /back/menu/system HTTP/1.1 404 155 - 0.303 ms
::1 - GET /static/service-worker.js HTTP/1.1 304 - - 5.288 ms
::1 - GET /dcback/productController/page?limit=10&offset=1 HTTP/1.1 304 - - 109.605 ms
::1 - GET /static/service-worker.js HTTP/1.1 304 - - 0.532 ms
::1 - GET /dcback/categoryController/pullDownCatg HTTP/1.1 200 2 - 5.196 ms
::1 - GET /dcback/categoryController/pullDownCatg HTTP/1.1 304 - - 24165.792 ms
::1 - GET /robots.txt HTTP/1.1 404 149 - 3.577 ms
::1 - GET /back/menu/system HTTP/1.1 404 155 - 0.489 ms
::1 - GET /back/user HTTP/1.1 404 148 - 0.376 ms
::1 - GET /back/menu/system HTTP/1.1 404 155 - 0.439 ms
::1 - GET /static/service-worker.js HTTP/1.1 304 - - 3.572 ms
::1 - GET /dcback/productController/page?limit=10&offset=1 HTTP/1.1 304 - - 106.760 ms
::1 - GET /static/service-worker.js HTTP/1.1 304 - - 0.504 ms
::1 - GET /dcback/categoryController/pullDownCatg HTTP/1.1 200 15 - 4.960 ms
::1 - GET /back/user HTTP/1.1 200 267 - 1.871 ms
::1 - GET /static/service-worker.js HTTP/1.1 304 - - 8.675 ms
::1 - GET /back/menu/system HTTP/1.1 200 2 - 124.664 ms
::1 - GET /dcback/productController/page?limit=10&offset=1 HTTP/1.1 304 - - 24.031 ms
::1 - GET /back/menu/system HTTP/1.1 304 - - 4.301 ms
::1 - GET /static/service-worker.js HTTP/1.1 304 - - 0.526 ms
::1 - GET /back/user HTTP/1.1 304 - - 3.360 ms
::1 - GET /back/menu/system HTTP/1.1 304 - - 107.512 ms
::1 - GET /back/menu/system HTTP/1.1 304 - - 4.692 ms
::1 - GET /static/service-worker.js HTTP/1.1 304 - - 3.044 ms
::1 - GET /static/service-worker.js HTTP/1.1 304 - - 0.503 ms
::1 - GET /back/user HTTP/1.1 304 - - 0.423 ms
::1 - GET /back/menu/system HTTP/1.1 200 55 - 8.085 ms
::1 - GET /back/menu/system HTTP/1.1 304 - - 3.643 ms
::1 - GET /static/service-worker.js HTTP/1.1 304 - - 0.928 ms
::1 - GET /static/service-worker.js HTTP/1.1 304 - - 0.365 ms
::1 - GET /dcback/productController/page?limit=10&offset=1 HTTP/1.1 304 - - 4.675 ms
::1 - GET /dcback/categoryController/pullDownCatg HTTP/1.1 304 - - 3.827 ms
::1 - POST /dcback/productController/add HTTP/1.1 200 33 - 16400.763 ms
::1 - GET /dcback/productController/page?limit=10&offset=1 HTTP/1.1 200 947 - 4.110 ms
::1 - GET /dcback/categoryController/pullDownCatg HTTP/1.1 304 - - 5.449 ms
::1 - POST /dcback/productController/add HTTP/1.1 - - - - ms
::1 - GET /back/user HTTP/1.1 304 - - 2.361 ms
::1 - GET /static/service-worker.js HTTP/1.1 304 - - 6.113 ms
::1 - GET /back/menu/system HTTP/1.1 304 - - 128.476 ms
::1 - GET /dcback/productController/page?limit=10&offset=1 HTTP/1.1 200 1171 - 23.678 ms
::1 - GET /back/menu/system HTTP/1.1 304 - - 5.054 ms
::1 - GET /static/service-worker.js HTTP/1.1 304 - - 0.615 ms
::1 - GET /dcback/categoryController/pullDownCatg HTTP/1.1 304 - - 4.708 ms
::1 - POST /dcback/productController/add HTTP/1.1 500 1404 - 26657.564 ms
::1 - GET /back/user HTTP/1.1 304 - - 2.842 ms
::1 - GET /static/service-worker.js HTTP/1.1 304 - - 10.173 ms
::1 - GET /back/menu/system HTTP/1.1 304 - - 137.927 ms
::1 - GET /dcback/productController/page?limit=10&offset=1 HTTP/1.1 304 - - 25.052 ms
::1 - GET /back/menu/system HTTP/1.1 304 - - 3.812 ms
::1 - GET /static/service-worker.js HTTP/1.1 304 - - 0.439 ms
::1 - GET /dcback/categoryController/pullDownCatg HTTP/1.1 304 - - 4.286 ms
::1 - POST /dcback/productController/add HTTP/1.1 500 1369 - 1545.183 ms
::1 - GET /back/user HTTP/1.1 304 - - 2.198 ms
::1 - GET /static/service-worker.js HTTP/1.1 304 - - 5.291 ms
::1 - GET /back/menu/system HTTP/1.1 304 - - 120.858 ms
::1 - GET /dcback/productController/page?limit=10&offset=1 HTTP/1.1 304 - - 16.533 ms
::1 - GET /back/menu/system HTTP/1.1 304 - - 4.069 ms
::1 - GET /dcback/categoryController/pullDownCatg HTTP/1.1 304 - - 3.889 ms
::1 - GET /static/service-worker.js HTTP/1.1 304 - - 0.694 ms
::1 - GET /robots.txt HTTP/1.1 404 149 - 3.820 ms
::1 - GET /back/user HTTP/1.1 304 - - 1.573 ms
::1 - GET /static/service-worker.js HTTP/1.1 304 - - 16.051 ms
::1 - GET /back/menu/system HTTP/1.1 304 - - 126.832 ms
::1 - GET /dcback/productController/page?limit=10&offset=1 HTTP/1.1 304 - - 30.786 ms
::1 - GET /back/menu/system HTTP/1.1 304 - - 3.039 ms
::1 - GET /static/service-worker.js HTTP/1.1 304 - - 0.618 ms
::1 - GET /dcback/categoryController/pullDownCatg HTTP/1.1 304 - - 4.743 ms
::1 - GET /back/user HTTP/1.1 304 - - 1.850 ms
::1 - GET /static/service-worker.js HTTP/1.1 304 - - 6.909 ms
::1 - GET /back/menu/system HTTP/1.1 304 - - 112.138 ms
::1 - GET /dcback/productController/page?limit=10&offset=1 HTTP/1.1 304 - - 19.235 ms
::1 - GET /back/menu/system HTTP/1.1 304 - - 4.163 ms
::1 - GET /static/service-worker.js HTTP/1.1 304 - - 0.508 ms
::1 - GET /dcback/categoryController/pullDownCatg HTTP/1.1 304 - - 4.614 ms
::1 - POST /dcback/productController/add HTTP/1.1 500 1404 - 7.693 ms
::1 - POST /dcback/productController/add HTTP/1.1 200 33 - 103.701 ms
::1 - GET /dcback/productController/page?limit=10&offset=1 HTTP/1.1 200 1394 - 4.936 ms
::1 - GET /dcback/categoryController/pullDownCatg HTTP/1.1 304 - - 84.811 ms
::1 - POST /dcback/productController/add HTTP/1.1 200 33 - 23.890 ms
::1 - GET /dcback/productController/page?limit=10&offset=1 HTTP/1.1 200 1701 - 4.188 ms
::1 - GET /back/user HTTP/1.1 304 - - 2.820 ms
::1 - GET /static/service-worker.js HTTP/1.1 304 - - 8.285 ms
::1 - GET /dcback/productController/page?limit=10&offset=1 HTTP/1.1 304 - - 22.211 ms
::1 - GET /back/menu/system HTTP/1.1 304 - - 142.361 ms
::1 - GET /back/menu/system HTTP/1.1 304 - - 3.371 ms
::1 - GET /static/service-worker.js HTTP/1.1 304 - - 0.556 ms
::1 - GET /dcback/categoryController/pullDownCatg HTTP/1.1 304 - - 4.158 ms
::1 - GET /back/user HTTP/1.1 304 - - 0.369 ms
::1 - GET /back/menu/system HTTP/1.1 304 - - 8.755 ms
::1 - GET /dcback/productController/page?limit=10&offset=1 HTTP/1.1 304 - - 7.282 ms
::1 - GET /back/menu/system HTTP/1.1 304 - - 3.101 ms
::1 - GET /static/service-worker.js HTTP/1.1 304 - - 0.930 ms
::1 - GET /static/service-worker.js HTTP/1.1 304 - - 0.363 ms
::1 - GET /dcback/categoryController/pullDownCatg HTTP/1.1 304 - - 5.868 ms
::1 - GET /back/user HTTP/1.1 304 - - 0.163 ms
::1 - GET /back/menu/system HTTP/1.1 304 - - 5.687 ms
::1 - GET /dcback/productController/page?limit=10&offset=1 HTTP/1.1 200 1668 - 7.001 ms
::1 - GET /back/menu/system HTTP/1.1 304 - - 6.440 ms
::1 - GET /upload/a5c27d1ed21b0ef48c509cecd1c451da80cb3ec3.jpg HTTP/1.1 404 190 - 1.518 ms
::1 - GET /static/service-worker.js HTTP/1.1 304 - - 0.441 ms
::1 - GET /static/service-worker.js HTTP/1.1 304 - - 0.404 ms
::1 - GET /upload/a5c27d1ed21b0ef48c509cecd1c451da80cb3ec3.jpg HTTP/1.1 404 190 - 0.347 ms
::1 - GET /back/user HTTP/1.1 304 - - 0.188 ms
::1 - GET /back/menu/system HTTP/1.1 304 - - 5.833 ms
::1 - GET /dcback/productController/page?limit=10&offset=1 HTTP/1.1 304 - - 6.012 ms
::1 - GET /back/menu/system HTTP/1.1 304 - - 5.852 ms
::1 - GET /upload/a5c27d1ed21b0ef48c509cecd1c451da80cb3ec3.jpg HTTP/1.1 404 190 - 0.271 ms
::1 - GET /static/service-worker.js HTTP/1.1 304 - - 0.386 ms
::1 - GET /static/service-worker.js HTTP/1.1 304 - - 0.381 ms
::1 - GET /upload/a5c27d1ed21b0ef48c509cecd1c451da80cb3ec3.jpg HTTP/1.1 404 190 - 0.295 ms
::1 - GET /back/user HTTP/1.1 304 - - 0.163 ms
::1 - GET /back/menu/system HTTP/1.1 304 - - 6.330 ms
::1 - GET /dcback/productController/page?limit=10&offset=1 HTTP/1.1 304 - - 7.064 ms
::1 - GET /back/menu/system HTTP/1.1 304 - - 5.913 ms
::1 - GET /upload/a5c27d1ed21b0ef48c509cecd1c451da80cb3ec3.jpg HTTP/1.1 404 190 - 0.277 ms
::1 - GET /static/service-worker.js HTTP/1.1 304 - - 0.434 ms
::1 - GET /static/service-worker.js HTTP/1.1 304 - - 0.353 ms
::1 - GET /back/user HTTP/1.1 304 - - 0.264 ms
::1 - GET /back/menu/system HTTP/1.1 304 - - 6.284 ms
::1 - GET /dcback/productController/page?limit=10&offset=1 HTTP/1.1 200 1676 - 6.422 ms
::1 - GET /back/menu/system HTTP/1.1 304 - - 4.703 ms
::1 - GET /static/upload/a5c27d1ed21b0ef48c509cecd1c451da80cb3ec3.jpg HTTP/1.1 200 251469 - 1.687 ms
::1 - GET /static/service-worker.js HTTP/1.1 304 - - 0.876 ms
::1 - GET /static/service-worker.js HTTP/1.1 304 - - 0.409 ms
::1 - DELETE /dcback/productController/delete/32 HTTP/1.1 200 33 - 6.707 ms
::1 - GET /dcback/productController/page?limit=10&offset=1 HTTP/1.1 200 1453 - 3.314 ms
::1 - DELETE /dcback/productController/delete/29 HTTP/1.1 200 33 - 4.824 ms
::1 - GET /dcback/productController/page?limit=10&offset=1 HTTP/1.1 200 1218 - 3.204 ms
::1 - GET /dcback/categoryController/pullDownCatg HTTP/1.1 304 - - 4.376 ms
::1 - DELETE /dcback/productController/delete/30 HTTP/1.1 200 33 - 5.262 ms
::1 - GET /dcback/productController/page?limit=10&offset=1 HTTP/1.1 200 997 - 3.116 ms
::1 - DELETE /dcback/productController/delete/27 HTTP/1.1 200 33 - 4.939 ms
::1 - GET /dcback/productController/page?limit=10&offset=1 HTTP/1.1 200 762 - 3.206 ms
::1 - DELETE /dcback/productController/delete/28 HTTP/1.1 200 33 - 5.383 ms
::1 - GET /dcback/productController/page?limit=10&offset=1 HTTP/1.1 200 527 - 3.143 ms
::1 - GET /dcback/categoryController/pullDownCatg HTTP/1.1 304 - - 5.276 ms
::1 - POST /dcback/productController/update HTTP/1.1 404 171 - 5.400 ms
::1 - POST /dcback/productController/update HTTP/1.1 404 171 - 9.825 ms
::1 - POST /dcback/productController/update HTTP/1.1 404 171 - 2.730 ms
::1 - POST /dcback/productController/update HTTP/1.1 - - - - ms
::1 - POST /dcback/productController/update HTTP/1.1 500 1371 - 11.749 ms
::1 - GET / HTTP/1.1 200 - - 4.642 ms
::1 - GET /robots.txt HTTP/1.1 200 - - 1.052 ms
::1 - GET /favicon.ico HTTP/1.1 200 - - 1.677 ms
::1 - GET / HTTP/1.1 200 - - 1.089 ms
::1 - GET /favicon.ico HTTP/1.1 200 - - 0.933 ms
::1 - GET / HTTP/1.1 200 - - 1.188 ms
::1 - GET /favicon.ico HTTP/1.1 200 - - 1.309 ms
::1 - GET /favicon.ico HTTP/1.1 200 - - 1.088 ms
::1 - GET / HTTP/1.1 200 - - 1.513 ms
::1 - GET /favicon.ico HTTP/1.1 200 - - 1.621 ms
::1 - GET / HTTP/1.1 200 - - 1.088 ms
::1 - GET /favicon.ico HTTP/1.1 200 - - 2.171 ms
::1 - GET / HTTP/1.1 200 - - 1.164 ms
::1 - GET /favicon.ico HTTP/1.1 200 - - 1.736 ms
::1 - GET / HTTP/1.1 200 - - 1.302 ms
::1 - GET /favicon.ico HTTP/1.1 200 - - 1.516 ms
::1 - GET / HTTP/1.1 200 - - 1.025 ms
::1 - GET /favicon.ico HTTP/1.1 200 - - 1.544 ms
::1 - GET / HTTP/1.1 200 - - 1.066 ms
::1 - GET /favicon.ico HTTP/1.1 200 - - 1.628 ms
::1 - GET / HTTP/1.1 404 139 - 6.567 ms
::1 - GET /favicon.ico HTTP/1.1 404 150 - 2.397 ms
::1 - GET / HTTP/1.1 404 139 - 1.916 ms
::1 - GET / HTTP/1.1 404 139 - 1.698 ms
::1 - GET / HTTP/1.1 404 139 - 1.745 ms
::1 - GET / HTTP/1.1 404 139 - 2.472 ms
::1 - GET / HTTP/1.1 404 139 - 2.150 ms
::1 - GET /robots.txt HTTP/1.1 404 149 - 2.371 ms
::1 - GET / HTTP/1.1 404 139 - 1.490 ms
::1 - GET / HTTP/1.1 404 139 - 6.177 ms
::1 - GET / HTTP/1.1 404 139 - 2.071 ms
::1 - GET / HTTP/1.1 404 139 - 1.813 ms
::1 - GET / HTTP/1.1 404 139 - 1.990 ms
::1 - GET / HTTP/1.1 404 139 - 1.569 ms
::1 - GET /robots.txt HTTP/1.1 404 149 - 1.489 ms
::1 - GET / HTTP/1.1 404 139 - 1.929 ms
::1 - GET / HTTP/1.1 404 139 - 1.661 ms
::1 - GET /login HTTP/1.1 200 7 - 17.893 ms
::1 - GET /login?a=1 HTTP/1.1 200 7 - 13.503 ms
::ffff:127.0.0.1 - GET /login?a=1 HTTP/1.1 200 9 - 6.373 ms
::ffff:127.0.0.1 - GET /login?a=1 HTTP/1.1 304 - - 2.042 ms
::ffff:127.0.0.1 - GET /login?a=1 HTTP/1.1 304 - - 1.485 ms
::ffff:127.0.0.1 - GET /login?a=1 HTTP/1.1 304 - - 1.362 ms
::1 - GET /login?a=1 HTTP/1.1 304 - - 1.396 ms
::1 - GET /login?a=1 HTTP/1.1 304 - - 1.547 ms
::1 - GET /login?a=1 HTTP/1.1 304 - - 1.575 ms
::1 - GET /login?a=1 HTTP/1.1 304 - - 1.188 ms
::1 - GET /login?a=1 HTTP/1.1 304 - - 1.448 ms
::1 - GET /login?name=1 HTTP/1.1 200 12 - 1.537 ms
::1 - GET /login?name=1 HTTP/1.1 304 - - 1.341 ms
::1 - GET /login?name=1 HTTP/1.1 304 - - 1.389 ms
::1 - GET /login?name=1 HTTP/1.1 304 - - 1.287 ms
::1 - GET /login?name=1 HTTP/1.1 304 - - 6.178 ms
::1 - GET /login?name=asdasd HTTP/1.1 200 17 - 1.995 ms
::1 - GET /login?name=asdasd HTTP/1.1 304 - - 2.249 ms
::1 - GET /login?name=asdasd HTTP/1.1 304 - - 1.866 ms
::1 - GET /login?name=asdasd HTTP/1.1 304 - - 1.643 ms
::ffff:127.0.0.1 - GET / HTTP/1.1 404 139 - 5.224 ms
::ffff:127.0.0.1 - GET / HTTP/1.1 404 139 - 1.767 ms
::1 - GET / HTTP/1.1 404 139 - 1.789 ms
::1 - GET /robots.txt HTTP/1.1 404 149 - 2.018 ms
::1 - GET / HTTP/1.1 404 139 - 1.448 ms
::1 - GET / HTTP/1.1 404 139 - 1.643 ms
::1 - GET / HTTP/1.1 404 139 - 2.287 ms
::1 - GET / HTTP/1.1 404 139 - 1.626 ms
::1 - GET / HTTP/1.1 404 139 - 2.049 ms
::1 - GET / HTTP/1.1 404 139 - 7.860 ms
::1 - GET / HTTP/1.1 404 139 - 4.177 ms
::1 - GET / HTTP/1.1 404 139 - 3.436 ms
::1 - GET /productController/page HTTP/1.1 404 161 - 3.145 ms
::1 - GET /dcback/productController/page HTTP/1.1 200 527 - 210.796 ms
::1 - GET /dcback/productController/page HTTP/1.1 304 - - 79.991 ms
::1 - GET / HTTP/1.1 404 139 - 5.141 ms
::1 - GET /robots.txt HTTP/1.1 404 149 - 0.378 ms
::1 - GET /login HTTP/1.1 200 2 - 2.490 ms
::1 - GET /dcback/productController/page HTTP/1.1 304 - - 87.262 ms
::1 - GET /dcback/productController/page HTTP/1.1 304 - - 6.363 ms
::1 - GET /dcback/productController/page HTTP/1.1 304 - - 6.013 ms
::1 - GET /dcback/productController/page HTTP/1.1 304 - - 7.141 ms
::1 - GET /login HTTP/1.1 304 - - 0.333 ms
::1 - GET /login?name=asdasdasd HTTP/1.1 200 20 - 0.228 ms
::1 - GET /login?name=asdasdasd HTTP/1.1 304 - - 0.269 ms
::1 - GET /login?name=asdasdasd HTTP/1.1 304 - - 2.893 ms
::1 - GET / HTTP/1.1 404 139 - 1.857 ms
::1 - GET /dcback/productController/page HTTP/1.1 304 - - 82.031 ms
::1 - GET / HTTP/1.1 404 139 - 2.761 ms
::1 - GET /robots.txt HTTP/1.1 404 149 - 0.264 ms
::1 - GET /login HTTP/1.1 304 - - 2.504 ms
::1 - GET /login?name=aasdadasd HTTP/1.1 200 20 - 0.271 ms
::1 - GET /dcback/productController/page HTTP/1.1 304 - - 65.226 ms
::1 - GET /robots.txt HTTP/1.1 404 149 - 0.322 ms
::1 - GET /dcback/productController/page HTTP/1.1 304 - - 17.335 ms
::1 - GET / HTTP/1.1 404 139 - 4.642 ms
::1 - GET /robots.txt HTTP/1.1 404 149 - 0.404 ms
::1 - GET /login HTTP/1.1 500 1368 - 1.772 ms
::1 - GET /login HTTP/1.1 500 1368 - 0.509 ms
::1 - GET /robots.txt HTTP/1.1 404 149 - 0.298 ms
::1 - GET /login?name=qf1&password=1 HTTP/1.1 200 127 - 10191.659 ms
